<?xml version="1.0" encoding="UTF-8"?>
<!-- Generated by org.testng.reporters.JUnitReportReporter -->
<testsuite skipped="0" hostname="BLR1-LHP-N68803" name="org.GL.client.tests.SearchTests" tests="1" failures="0" timestamp="2020-08-03T18:47:08 IST" time="0.470" errors="0">
  <testcase name="searchTest" time="0.470" classname="org.GL.client.tests.SearchTests"/>
  <system-out/>
</testsuite> <!-- org.GL.client.tests.SearchTests -->
