<?xml version="1.0" encoding="UTF-8"?>
<!-- Generated by org.testng.reporters.JUnitReportReporter -->
<testsuite skipped="0" hostname="BLR1-LHP-N68803" name="org.GL.client.UI.tests.SearchTests" tests="1" failures="0" timestamp="2020-08-16T01:38:55 IST" time="3.905" errors="0">
  <testcase name="searchTest" time="3.905" classname="org.GL.client.UI.tests.SearchTests"/>
  <system-out/>
</testsuite> <!-- org.GL.client.UI.tests.SearchTests -->
